<?xml version="1.0" encoding="UTF-8"?>
<!-- Generated by org.testng.reporters.JUnitXMLReporter -->
<testsuite ignored="0" hostname="IN-PG02NKJ9" failures="0" tests="3" name="Default test" time="57.543" errors="0" timestamp="2023-01-09T14:06:04 IST">
  <testcase classname="Flipkart.ExitTest.Test_Basic_Flipkart" name="Test_verify_Title" time="0.111"/>
  <testcase classname="Flipkart.ExitTest.Test_Basic_Flipkart" name="Test_loginFlipkart" time="3.221"/>
  <testcase classname="Flipkart.ExitTest.Test_Basic_Flipkart" name="Test_Search_Item" time="4.153"/>
</testsuite> <!-- Default test -->
